2024-10-06 17:51:52,215 - INFO - Training MobileNet for acura...
2024-10-06 17:54:05,564 - INFO - MobileNet for acura achieved 90.21% accuracy.
2024-10-06 17:54:05,704 - INFO - Deleted worse model: acura Model 85.83% MobileNet.h5
2024-10-06 17:54:05,719 - INFO - Training MobileNetV2 for acura...
2024-10-06 17:56:34,774 - INFO - MobileNetV2 for acura achieved 18.13% accuracy.
2024-10-06 17:56:34,790 - INFO - Training MobileNetV3Large for acura...
2024-10-06 17:58:56,058 - INFO - MobileNetV3Large for acura achieved 75.21% accuracy.
2024-10-06 17:58:56,076 - INFO - Training InceptionV3 for acura...
2024-10-06 18:03:18,650 - INFO - InceptionV3 for acura achieved 58.33% accuracy.
2024-10-06 18:03:18,692 - INFO - Training InceptionResNetV2 for acura...
2024-10-06 18:10:54,279 - INFO - InceptionResNetV2 for acura achieved 82.08% accuracy.
2024-10-06 18:10:54,293 - INFO - Training ResNet50 for acura...
2024-10-06 18:15:36,505 - INFO - ResNet50 for acura achieved 71.46% accuracy.
2024-10-06 18:15:36,519 - INFO - Training ResNet50V2 for acura...
2024-10-06 18:19:34,144 - INFO - ResNet50V2 for acura achieved 80.42% accuracy.
2024-10-06 18:19:34,166 - INFO - Training DenseNet121 for acura...
2024-10-06 18:26:19,100 - INFO - DenseNet121 for acura achieved 87.29% accuracy.
2024-10-06 18:26:19,149 - INFO - Training DenseNet169 for acura...
2024-10-06 18:34:25,617 - INFO - DenseNet169 for acura achieved 81.04% accuracy.
2024-10-06 18:34:25,655 - INFO - Training DenseNet201 for acura...
2024-10-06 18:43:50,770 - INFO - DenseNet201 for acura achieved 86.67% accuracy.
2024-10-06 18:43:50,789 - INFO - Training EfficientNetV2B0 for acura...
2024-10-06 18:47:29,703 - INFO - EfficientNetV2B0 for acura achieved 92.92% accuracy.
2024-10-06 18:47:30,396 - INFO - Deleted worse model: acura Model 90.21% MobileNet.h5
2024-10-06 18:47:30,419 - INFO - Training EfficientNetV2B3 for acura...
2024-10-06 18:52:37,728 - INFO - EfficientNetV2B3 for acura achieved 92.08% accuracy.
2024-10-06 18:52:37,778 - INFO - Training EfficientNetV2L for acura...
2024-10-06 19:08:52,191 - INFO - EfficientNetV2L for acura achieved 91.87% accuracy.
2024-10-06 19:08:52,217 - INFO - Training EfficientNetV2S for acura...
2024-10-06 19:15:25,379 - INFO - EfficientNetV2S for acura achieved 91.67% accuracy.
2024-10-06 19:15:25,629 - INFO - Training MobileNet for audi...
2024-10-06 19:17:19,970 - INFO - MobileNet for audi achieved 65.22% accuracy.
2024-10-06 19:17:20,101 - INFO - Deleted worse model: audi Model 81.25% InceptionResNetV2.h5
2024-10-06 19:17:20,115 - INFO - Training MobileNetV2 for audi...
2024-10-06 19:19:46,129 - INFO - MobileNetV2 for audi achieved 24.46% accuracy.
2024-10-06 19:19:46,146 - INFO - Training MobileNetV3Large for audi...
2024-10-06 19:22:05,252 - INFO - MobileNetV3Large for audi achieved 45.92% accuracy.
2024-10-06 19:22:05,271 - INFO - Training InceptionV3 for audi...
2024-10-06 19:25:59,535 - INFO - InceptionV3 for audi achieved 69.29% accuracy.
2024-10-06 19:26:00,019 - INFO - Deleted worse model: audi Model 65.22% MobileNet.h5
2024-10-06 19:26:00,054 - INFO - Training InceptionResNetV2 for audi...
2024-10-06 19:58:18,669 - INFO - InceptionResNetV2 for audi achieved 73.37% accuracy.
2024-10-06 19:58:19,886 - INFO - Deleted worse model: audi Model 69.29% InceptionV3.h5
2024-10-06 19:58:19,901 - INFO - Training ResNet50 for audi...
2024-10-06 20:03:48,103 - INFO - ResNet50 for audi achieved 64.95% accuracy.
2024-10-06 20:03:48,118 - INFO - Training ResNet50V2 for audi...
2024-10-06 20:08:16,684 - INFO - ResNet50V2 for audi achieved 56.25% accuracy.
2024-10-06 20:08:16,707 - INFO - Training DenseNet121 for audi...
2024-10-06 20:15:20,571 - INFO - DenseNet121 for audi achieved 66.30% accuracy.
2024-10-06 20:15:20,602 - INFO - Training DenseNet169 for audi...
2024-10-06 20:22:48,766 - INFO - DenseNet169 for audi achieved 70.65% accuracy.
2024-10-06 20:22:48,800 - INFO - Training DenseNet201 for audi...
2024-10-06 20:32:10,410 - INFO - DenseNet201 for audi achieved 68.21% accuracy.
2024-10-06 20:32:10,432 - INFO - Training EfficientNetV2B0 for audi...
2024-10-06 20:34:56,027 - INFO - EfficientNetV2B0 for audi achieved 72.01% accuracy.
2024-10-06 20:34:56,048 - INFO - Training EfficientNetV2B3 for audi...
2024-10-06 20:39:37,475 - INFO - EfficientNetV2B3 for audi achieved 77.72% accuracy.
2024-10-06 20:39:38,218 - INFO - Deleted worse model: audi Model 73.37% InceptionResNetV2.h5
2024-10-06 20:39:38,266 - INFO - Training EfficientNetV2L for audi...
2024-10-06 20:55:21,476 - INFO - EfficientNetV2L for audi achieved 72.55% accuracy.
2024-10-06 20:55:21,507 - INFO - Training EfficientNetV2S for audi...
2024-10-06 21:01:23,586 - INFO - EfficientNetV2S for audi achieved 76.90% accuracy.
2024-10-06 21:01:24,234 - INFO - Training MobileNet for bmw...
2024-10-06 21:07:38,232 - INFO - MobileNet for bmw achieved 46.82% accuracy.
2024-10-06 21:07:38,384 - INFO - Deleted worse model: bmw Model 55.80% EfficientNetV2B0.h5
2024-10-06 21:07:38,401 - INFO - Training MobileNetV2 for bmw...
2024-10-06 21:15:21,809 - INFO - MobileNetV2 for bmw achieved 35.57% accuracy.
2024-10-06 21:15:21,831 - INFO - Training MobileNetV3Large for bmw...
2024-10-06 21:22:21,294 - INFO - MobileNetV3Large for bmw achieved 32.73% accuracy.
2024-10-06 21:22:21,315 - INFO - Training InceptionV3 for bmw...
2024-10-06 22:47:08,718 - INFO - InceptionV3 for bmw achieved 43.30% accuracy.
2024-10-06 22:47:08,775 - INFO - Training InceptionResNetV2 for bmw...
2024-10-06 23:52:05,712 - INFO - InceptionResNetV2 for bmw achieved 43.07% accuracy.
2024-10-06 23:52:05,728 - INFO - Training ResNet50 for bmw...
2024-10-07 00:02:13,182 - INFO - ResNet50 for bmw achieved 31.36% accuracy.
2024-10-07 00:02:13,197 - INFO - Training ResNet50V2 for bmw...
2024-10-07 00:11:20,320 - INFO - ResNet50V2 for bmw achieved 37.39% accuracy.
2024-10-07 00:11:20,361 - INFO - Training DenseNet121 for bmw...
2024-10-07 00:55:10,231 - INFO - DenseNet121 for bmw achieved 44.43% accuracy.
2024-10-07 00:55:10,307 - INFO - Training DenseNet169 for bmw...
2024-10-07 01:14:37,454 - INFO - DenseNet169 for bmw achieved 42.73% accuracy.
2024-10-07 01:14:37,489 - INFO - Training DenseNet201 for bmw...
2024-10-07 01:36:23,568 - INFO - DenseNet201 for bmw achieved 46.48% accuracy.
2024-10-07 01:36:23,585 - INFO - Training EfficientNetV2B0 for bmw...
2024-10-07 01:43:16,154 - INFO - EfficientNetV2B0 for bmw achieved 50.57% accuracy.
2024-10-07 01:43:16,666 - INFO - Deleted worse model: bmw Model 46.82% MobileNet.h5
2024-10-07 01:43:16,689 - INFO - Training EfficientNetV2B3 for bmw...
2024-10-07 01:53:09,197 - INFO - EfficientNetV2B3 for bmw achieved 51.93% accuracy.
2024-10-07 01:53:10,437 - INFO - Deleted worse model: bmw Model 50.57% EfficientNetV2B0.h5
2024-10-07 01:53:10,485 - INFO - Training EfficientNetV2L for bmw...
2024-10-07 02:23:39,991 - INFO - EfficientNetV2L for bmw achieved 46.70% accuracy.
2024-10-07 02:23:40,028 - INFO - Training EfficientNetV2S for bmw...
2024-10-07 02:37:05,006 - INFO - EfficientNetV2S for bmw achieved 48.30% accuracy.
2024-10-07 02:37:05,255 - INFO - Training MobileNet for buick...
2024-10-07 02:39:02,407 - INFO - MobileNet for buick achieved 69.41% accuracy.
2024-10-07 02:39:02,575 - INFO - Deleted worse model: buick Model 76.97% MobileNet.h5
2024-10-07 02:39:02,589 - INFO - Training MobileNetV2 for buick...
2024-10-07 02:41:18,726 - INFO - MobileNetV2 for buick achieved 59.54% accuracy.
2024-10-07 02:41:18,744 - INFO - Training MobileNetV3Large for buick...
2024-10-07 02:43:48,960 - INFO - MobileNetV3Large for buick achieved 71.71% accuracy.
2024-10-07 02:43:49,340 - INFO - Deleted worse model: buick Model 69.41% MobileNet.h5
2024-10-07 02:43:49,360 - INFO - Training InceptionV3 for buick...
2024-10-07 02:47:36,025 - INFO - InceptionV3 for buick achieved 60.20% accuracy.
2024-10-07 02:47:36,064 - INFO - Training InceptionResNetV2 for buick...
2024-10-07 02:53:28,000 - INFO - InceptionResNetV2 for buick achieved 77.30% accuracy.
2024-10-07 02:53:29,903 - INFO - Deleted worse model: buick Model 71.71% MobileNetV3Large.h5
2024-10-07 02:53:29,918 - INFO - Training ResNet50 for buick...
2024-10-07 02:57:06,681 - INFO - ResNet50 for buick achieved 64.47% accuracy.
2024-10-07 02:57:06,695 - INFO - Training ResNet50V2 for buick...
2024-10-07 03:00:11,347 - INFO - ResNet50V2 for buick achieved 51.64% accuracy.
2024-10-07 03:00:11,374 - INFO - Training DenseNet121 for buick...
2024-10-07 03:05:27,257 - INFO - DenseNet121 for buick achieved 53.29% accuracy.
2024-10-07 03:05:27,288 - INFO - Training DenseNet169 for buick...
2024-10-07 03:11:34,757 - INFO - DenseNet169 for buick achieved 69.08% accuracy.
2024-10-07 03:11:34,800 - INFO - Training DenseNet201 for buick...
2024-10-07 03:18:48,033 - INFO - DenseNet201 for buick achieved 62.83% accuracy.
2024-10-07 03:18:48,057 - INFO - Training EfficientNetV2B0 for buick...
2024-10-07 03:21:35,787 - INFO - EfficientNetV2B0 for buick achieved 70.72% accuracy.
2024-10-07 03:21:35,808 - INFO - Training EfficientNetV2B3 for buick...
2024-10-07 03:25:32,126 - INFO - EfficientNetV2B3 for buick achieved 74.01% accuracy.
2024-10-07 03:25:32,179 - INFO - Training EfficientNetV2L for buick...
2024-10-07 03:35:56,621 - INFO - EfficientNetV2L for buick achieved 71.05% accuracy.
2024-10-07 03:35:56,645 - INFO - Training EfficientNetV2S for buick...
2024-10-07 03:40:20,518 - INFO - EfficientNetV2S for buick achieved 73.68% accuracy.
2024-10-07 03:40:20,753 - INFO - Training MobileNet for cadillac...
2024-10-07 03:42:49,252 - INFO - MobileNet for cadillac achieved 79.40% accuracy.
2024-10-07 03:42:49,391 - INFO - Deleted worse model: cadillac Model 75.69% MobileNet.h5
2024-10-07 03:42:49,405 - INFO - Training MobileNetV2 for cadillac...
2024-10-07 03:45:53,148 - INFO - MobileNetV2 for cadillac achieved 68.06% accuracy.
2024-10-07 03:45:53,165 - INFO - Training MobileNetV3Large for cadillac...
2024-10-07 03:48:50,909 - INFO - MobileNetV3Large for cadillac achieved 81.25% accuracy.
2024-10-07 03:48:51,188 - INFO - Deleted worse model: cadillac Model 79.40% MobileNet.h5
2024-10-07 03:48:51,208 - INFO - Training InceptionV3 for cadillac...
2024-10-07 03:53:23,685 - INFO - InceptionV3 for cadillac achieved 75.46% accuracy.
2024-10-07 03:53:23,724 - INFO - Training InceptionResNetV2 for cadillac...
2024-10-07 04:00:50,928 - INFO - InceptionResNetV2 for cadillac achieved 77.31% accuracy.
2024-10-07 04:00:50,946 - INFO - Training ResNet50 for cadillac...
2024-10-07 04:05:25,878 - INFO - ResNet50 for cadillac achieved 67.59% accuracy.
2024-10-07 04:05:25,891 - INFO - Training ResNet50V2 for cadillac...
2024-10-07 04:09:17,252 - INFO - ResNet50V2 for cadillac achieved 64.12% accuracy.
2024-10-07 04:09:17,277 - INFO - Training DenseNet121 for cadillac...
2024-10-07 04:15:41,548 - INFO - DenseNet121 for cadillac achieved 75.00% accuracy.
2024-10-07 04:15:41,576 - INFO - Training DenseNet169 for cadillac...
2024-10-07 04:23:16,893 - INFO - DenseNet169 for cadillac achieved 71.30% accuracy.
2024-10-07 04:23:16,925 - INFO - Training DenseNet201 for cadillac...
2024-10-07 04:33:24,994 - INFO - DenseNet201 for cadillac achieved 78.01% accuracy.
2024-10-07 04:33:25,011 - INFO - Training EfficientNetV2B0 for cadillac...
2024-10-07 04:37:08,041 - INFO - EfficientNetV2B0 for cadillac achieved 78.47% accuracy.
2024-10-07 04:37:08,063 - INFO - Training EfficientNetV2B3 for cadillac...
2024-10-07 04:42:16,180 - INFO - EfficientNetV2B3 for cadillac achieved 77.55% accuracy.
2024-10-07 04:42:16,229 - INFO - Training EfficientNetV2L for cadillac...
2024-10-07 04:56:11,861 - INFO - EfficientNetV2L for cadillac achieved 79.40% accuracy.
2024-10-07 04:56:11,886 - INFO - Training EfficientNetV2S for cadillac...
2024-10-07 05:02:17,029 - INFO - EfficientNetV2S for cadillac achieved 81.94% accuracy.
2024-10-07 05:02:17,885 - INFO - Deleted worse model: cadillac Model 81.25% MobileNetV3Large.h5
2024-10-08 18:50:20,073 - INFO - Training MobileNet for mercedes benz...
2024-10-08 18:52:44,435 - INFO - MobileNet for mercedes benz achieved 42.83% accuracy.
2024-10-08 18:52:44,451 - INFO - Training MobileNetV3Large for mercedes benz...
2024-10-08 18:55:24,353 - INFO - MobileNetV3Large for mercedes benz achieved 27.76% accuracy.
2024-10-08 18:55:24,376 - INFO - Training InceptionV3 for mercedes benz...
2024-10-08 19:00:09,717 - INFO - InceptionV3 for mercedes benz achieved 12.87% accuracy.
2024-10-08 19:00:09,754 - INFO - Training InceptionResNetV2 for mercedes benz...
2024-10-08 19:08:27,815 - INFO - InceptionResNetV2 for mercedes benz achieved 37.87% accuracy.
2024-10-08 19:08:27,828 - INFO - Training ResNet50 for mercedes benz...
2024-10-08 19:13:18,263 - INFO - ResNet50 for mercedes benz achieved 34.19% accuracy.
2024-10-08 19:13:18,276 - INFO - Training ResNet50V2 for mercedes benz...
2024-10-08 19:17:15,915 - INFO - ResNet50V2 for mercedes benz achieved 23.53% accuracy.
2024-10-08 19:17:15,937 - INFO - Training DenseNet121 for mercedes benz...
2024-10-08 19:23:47,995 - INFO - DenseNet121 for mercedes benz achieved 35.11% accuracy.
2024-10-08 19:23:48,022 - INFO - Training DenseNet169 for mercedes benz...
2024-10-08 19:31:39,103 - INFO - DenseNet169 for mercedes benz achieved 34.01% accuracy.
2024-10-08 19:31:39,134 - INFO - Training DenseNet201 for mercedes benz...
2024-10-08 19:40:56,717 - INFO - DenseNet201 for mercedes benz achieved 35.29% accuracy.
2024-10-08 19:40:56,734 - INFO - Training EfficientNetV2B0 for mercedes benz...
2024-10-08 19:44:29,784 - INFO - EfficientNetV2B0 for mercedes benz achieved 50.37% accuracy.
2024-10-08 19:44:30,213 - INFO - Deleted worse model: mercedes benz Model 47.43% EfficientNetV2B0.h5
2024-10-08 19:44:30,233 - INFO - Training EfficientNetV2B3 for mercedes benz...
2024-10-08 19:49:45,893 - INFO - EfficientNetV2B3 for mercedes benz achieved 52.21% accuracy.
2024-10-08 19:49:46,444 - INFO - Deleted worse model: mercedes benz Model 50.37% EfficientNetV2B0.h5
2024-10-08 19:49:46,487 - INFO - Training EfficientNetV2L for mercedes benz...
2024-10-08 20:06:27,635 - INFO - EfficientNetV2L for mercedes benz achieved 40.44% accuracy.
2024-10-08 20:06:27,657 - INFO - Training EfficientNetV2S for mercedes benz...
2024-10-08 20:13:23,137 - INFO - EfficientNetV2S for mercedes benz achieved 51.29% accuracy.
2024-10-08 20:13:23,137 - INFO - Training completed for all models and brands.
2024-10-08 20:51:36,685 - INFO - Training MobileNet for bmw...
2024-10-08 20:55:25,649 - INFO - MobileNet for bmw achieved 48.07% accuracy.
2024-10-08 20:55:25,668 - INFO - Training MobileNetV3Large for bmw...
2024-10-08 20:59:54,379 - INFO - MobileNetV3Large for bmw achieved 35.91% accuracy.
2024-10-08 20:59:54,398 - INFO - Training InceptionV3 for bmw...
2024-10-08 21:07:44,658 - INFO - InceptionV3 for bmw achieved 40.57% accuracy.
2024-10-08 21:07:44,696 - INFO - Training InceptionResNetV2 for bmw...
2024-10-08 21:20:55,854 - INFO - InceptionResNetV2 for bmw achieved 46.93% accuracy.
2024-10-08 21:20:55,869 - INFO - Training ResNet50 for bmw...
2024-10-08 21:28:58,976 - INFO - ResNet50 for bmw achieved 32.16% accuracy.
2024-10-08 21:28:58,990 - INFO - Training ResNet50V2 for bmw...
2024-10-08 21:35:31,745 - INFO - ResNet50V2 for bmw achieved 34.89% accuracy.
2024-10-08 21:35:31,767 - INFO - Training DenseNet121 for bmw...
2024-10-08 21:46:14,035 - INFO - DenseNet121 for bmw achieved 41.59% accuracy.
2024-10-08 21:46:14,072 - INFO - Training DenseNet169 for bmw...
2024-10-08 21:59:13,592 - INFO - DenseNet169 for bmw achieved 44.66% accuracy.
2024-10-08 21:59:13,635 - INFO - Training DenseNet201 for bmw...
2024-10-08 22:14:39,257 - INFO - DenseNet201 for bmw achieved 30.45% accuracy.
2024-10-08 22:14:39,276 - INFO - Training EfficientNetV2B0 for bmw...
2024-10-08 22:20:33,808 - INFO - EfficientNetV2B0 for bmw achieved 52.05% accuracy.
2024-10-08 22:20:34,202 - INFO - Deleted worse model: bmw Model 51.93% EfficientNetV2B3.h5
2024-10-08 22:20:34,225 - INFO - Training EfficientNetV2B3 for bmw...
2024-10-08 22:28:54,683 - INFO - EfficientNetV2B3 for bmw achieved 53.64% accuracy.
2024-10-08 22:28:55,524 - INFO - Deleted worse model: bmw Model 52.05% EfficientNetV2B0.h5
2024-10-08 22:28:55,570 - INFO - Training EfficientNetV2L for bmw...
2024-10-08 22:56:01,497 - INFO - EfficientNetV2L for bmw achieved 48.41% accuracy.
2024-10-08 22:56:01,527 - INFO - Training EfficientNetV2S for bmw...
2024-10-08 23:07:23,559 - INFO - EfficientNetV2S for bmw achieved 54.55% accuracy.
2024-10-08 23:07:24,443 - INFO - Deleted worse model: bmw Model 53.64% EfficientNetV2B3.h5
2024-10-08 23:07:24,443 - INFO - Training completed for all models and brands.
